<?xml version="1.0" encoding="UTF-8"?>
<coverage generated="1733086622881" clover="3.2.0">
  <project timestamp="1733086622881" name="All files">
    <metrics statements="68" coveredstatements="67" conditionals="44" coveredconditionals="43" methods="20" coveredmethods="19" elements="132" coveredelements="129" complexity="0" loc="68" ncloc="68" packages="2" files="7" classes="7"/>
    <package name="src">
      <metrics statements="25" coveredstatements="25" conditionals="10" coveredconditionals="10" methods="8" coveredmethods="8"/>
      <file name="getDiff.js" path="/home/andry/1-projects/18-difference-calculator/project/frontend-project-46/src/getDiff.js">
        <metrics statements="15" coveredstatements="15" conditionals="10" coveredconditionals="10" methods="3" coveredmethods="3"/>
        <line num="3" count="1" type="stmt"/>
        <line num="4" count="20" type="stmt"/>
        <line num="6" count="20" type="stmt"/>
        <line num="7" count="72" type="cond" truecount="2" falsecount="0"/>
        <line num="8" count="52" type="cond" truecount="2" falsecount="0"/>
        <line num="10" count="44" type="cond" truecount="4" falsecount="0"/>
        <line num="11" count="28" type="cond" truecount="2" falsecount="0"/>
        <line num="13" count="16" type="stmt"/>
        <line num="16" count="16" type="stmt"/>
        <line num="17" count="16" type="stmt"/>
        <line num="20" count="20" type="stmt"/>
        <line num="21" count="72" type="stmt"/>
        <line num="22" count="72" type="stmt"/>
        <line num="23" count="72" type="stmt"/>
        <line num="26" count="20" type="stmt"/>
      </file>
      <file name="index.js" path="/home/andry/1-projects/18-difference-calculator/project/frontend-project-46/src/index.js">
        <metrics statements="8" coveredstatements="8" conditionals="0" coveredconditionals="0" methods="4" coveredmethods="4"/>
        <line num="7" count="8" type="stmt"/>
        <line num="8" count="8" type="stmt"/>
        <line num="9" count="8" type="stmt"/>
        <line num="11" count="1" type="stmt"/>
        <line num="12" count="4" type="stmt"/>
        <line num="13" count="4" type="stmt"/>
        <line num="15" count="4" type="stmt"/>
        <line num="17" count="4" type="stmt"/>
      </file>
      <file name="parse.js" path="/home/andry/1-projects/18-difference-calculator/project/frontend-project-46/src/parse.js">
        <metrics statements="2" coveredstatements="2" conditionals="0" coveredconditionals="0" methods="1" coveredmethods="1"/>
        <line num="3" count="1" type="stmt"/>
        <line num="9" count="8" type="stmt"/>
      </file>
    </package>
    <package name="src.formatters">
      <metrics statements="43" coveredstatements="42" conditionals="34" coveredconditionals="33" methods="12" coveredmethods="11"/>
      <file name="index.js" path="/home/andry/1-projects/18-difference-calculator/project/frontend-project-46/src/formatters/index.js">
        <metrics statements="4" coveredstatements="3" conditionals="3" coveredconditionals="2" methods="1" coveredmethods="1"/>
        <line num="6" count="4" type="cond" truecount="2" falsecount="1"/>
        <line num="8" count="1" type="stmt"/>
        <line num="10" count="0" type="stmt"/>
        <line num="12" count="3" type="stmt"/>
      </file>
      <file name="jsonFormat.js" path="/home/andry/1-projects/18-difference-calculator/project/frontend-project-46/src/formatters/jsonFormat.js">
        <metrics statements="1" coveredstatements="1" conditionals="0" coveredconditionals="0" methods="1" coveredmethods="0"/>
        <line num="1" count="1" type="stmt"/>
      </file>
      <file name="plain.js" path="/home/andry/1-projects/18-difference-calculator/project/frontend-project-46/src/formatters/plain.js">
        <metrics statements="14" coveredstatements="14" conditionals="14" coveredconditionals="14" methods="3" coveredmethods="3"/>
        <line num="3" count="1" type="stmt"/>
        <line num="4" count="13" type="cond" truecount="2" falsecount="0"/>
        <line num="5" count="10" type="cond" truecount="2" falsecount="0"/>
        <line num="6" count="3" type="stmt"/>
        <line num="9" count="1" type="stmt"/>
        <line num="10" count="5" type="stmt"/>
        <line num="11" count="18" type="cond" truecount="2" falsecount="0"/>
        <line num="12" count="18" type="cond" truecount="2" falsecount="0"/>
        <line num="13" count="13" type="cond" truecount="2" falsecount="0"/>
        <line num="14" count="11" type="cond" truecount="2" falsecount="0"/>
        <line num="15" count="7" type="cond" truecount="2" falsecount="0"/>
        <line num="17" count="4" type="stmt"/>
        <line num="20" count="5" type="stmt"/>
        <line num="21" count="5" type="stmt"/>
      </file>
      <file name="stylish.js" path="/home/andry/1-projects/18-difference-calculator/project/frontend-project-46/src/formatters/stylish.js">
        <metrics statements="24" coveredstatements="24" conditionals="17" coveredconditionals="17" methods="7" coveredmethods="7"/>
        <line num="3" count="72" type="cond" truecount="1" falsecount="0"/>
        <line num="5" count="1" type="stmt"/>
        <line num="6" count="54" type="cond" truecount="4" falsecount="0"/>
        <line num="8" count="12" type="stmt"/>
        <line num="9" count="21" type="stmt"/>
        <line num="10" count="21" type="stmt"/>
        <line num="12" count="21" type="stmt"/>
        <line num="13" count="27" type="cond" truecount="4" falsecount="0"/>
        <line num="14" count="27" type="stmt"/>
        <line num="17" count="21" type="stmt"/>
        <line num="20" count="12" type="stmt"/>
        <line num="23" count="1" type="stmt"/>
        <line num="24" count="3" type="stmt"/>
        <line num="25" count="15" type="stmt"/>
        <line num="26" count="15" type="stmt"/>
        <line num="27" count="15" type="stmt"/>
        <line num="29" count="15" type="stmt"/>
        <line num="32" count="54" type="cond" truecount="2" falsecount="0"/>
        <line num="33" count="39" type="cond" truecount="2" falsecount="0"/>
        <line num="34" count="33" type="cond" truecount="2" falsecount="0"/>
        <line num="35" count="24" type="cond" truecount="2" falsecount="0"/>
        <line num="37" count="12" type="stmt"/>
        <line num="40" count="15" type="stmt"/>
        <line num="43" count="3" type="stmt"/>
      </file>
    </package>
  </project>
</coverage>
