{"/home/andry/1-projects/18-difference-calculator/project/frontend-project-46/src/getDiff.js": {"path":"/home/andry/1-projects/18-difference-calculator/project/frontend-project-46/src/getDiff.js","statementMap":{"0":{"start":{"line":3,"column":16},"end":{"line":27,"column":1}},"1":{"start":{"line":4,"column":15},"end":{"line":4,"column":54}},"2":{"start":{"line":6,"column":23},"end":{"line":18,"column":3}},"3":{"start":{"line":7,"column":4},"end":{"line":7,"column":90}},"4":{"start":{"line":7,"column":42},"end":{"line":7,"column":90}},"5":{"start":{"line":8,"column":4},"end":{"line":8,"column":92}},"6":{"start":{"line":8,"column":42},"end":{"line":8,"column":92}},"7":{"start":{"line":10,"column":4},"end":{"line":14,"column":5}},"8":{"start":{"line":11,"column":6},"end":{"line":11,"column":87}},"9":{"start":{"line":11,"column":35},"end":{"line":11,"column":87}},"10":{"start":{"line":13,"column":6},"end":{"line":13,"column":77}},"11":{"start":{"line":16,"column":27},"end":{"line":16,"column":76}},"12":{"start":{"line":17,"column":4},"end":{"line":17,"column":64}},"13":{"start":{"line":20,"column":17},"end":{"line":24,"column":8}},"14":{"start":{"line":21,"column":17},"end":{"line":21,"column":52}},"15":{"start":{"line":22,"column":20},"end":{"line":22,"column":42}},"16":{"start":{"line":23,"column":4},"end":{"line":23,"column":29}},"17":{"start":{"line":26,"column":2},"end":{"line":26,"column":36}}},"fnMap":{"0":{"name":"(anonymous_0)","decl":{"start":{"line":3,"column":16},"end":{"line":3,"column":17}},"loc":{"start":{"line":3,"column":38},"end":{"line":27,"column":1}},"line":3},"1":{"name":"(anonymous_1)","decl":{"start":{"line":6,"column":23},"end":{"line":6,"column":24}},"loc":{"start":{"line":6,"column":44},"end":{"line":18,"column":3}},"line":6},"2":{"name":"(anonymous_2)","decl":{"start":{"line":20,"column":29},"end":{"line":20,"column":30}},"loc":{"start":{"line":20,"column":43},"end":{"line":24,"column":3}},"line":20}},"branchMap":{"0":{"loc":{"start":{"line":7,"column":4},"end":{"line":7,"column":90}},"type":"if","locations":[{"start":{"line":7,"column":4},"end":{"line":7,"column":90}},{"start":{},"end":{}}],"line":7},"1":{"loc":{"start":{"line":8,"column":4},"end":{"line":8,"column":92}},"type":"if","locations":[{"start":{"line":8,"column":4},"end":{"line":8,"column":92}},{"start":{},"end":{}}],"line":8},"2":{"loc":{"start":{"line":10,"column":4},"end":{"line":14,"column":5}},"type":"if","locations":[{"start":{"line":10,"column":4},"end":{"line":14,"column":5}},{"start":{},"end":{}}],"line":10},"3":{"loc":{"start":{"line":10,"column":10},"end":{"line":10,"column":56}},"type":"binary-expr","locations":[{"start":{"line":10,"column":10},"end":{"line":10,"column":31}},{"start":{"line":10,"column":35},"end":{"line":10,"column":56}}],"line":10},"4":{"loc":{"start":{"line":11,"column":6},"end":{"line":11,"column":87}},"type":"if","locations":[{"start":{"line":11,"column":6},"end":{"line":11,"column":87}},{"start":{},"end":{}}],"line":11}},"s":{"0":1,"1":20,"2":20,"3":72,"4":20,"5":52,"6":8,"7":44,"8":28,"9":12,"10":16,"11":16,"12":16,"13":20,"14":72,"15":72,"16":72,"17":20},"f":{"0":20,"1":72,"2":72},"b":{"0":[20,52],"1":[8,44],"2":[28,16],"3":[44,20],"4":[12,16]},"inputSourceMap":null,"_coverageSchema":"1a1c01bbd47fc00a2c39e90264f33305004495a9","hash":"3554076d56e52efcc65702cfc7853804c0caa70a"}
,"/home/andry/1-projects/18-difference-calculator/project/frontend-project-46/src/index.js": {"path":"/home/andry/1-projects/18-difference-calculator/project/frontend-project-46/src/index.js","statementMap":{"0":{"start":{"line":7,"column":22},"end":{"line":7,"column":67}},"1":{"start":{"line":7,"column":36},"end":{"line":7,"column":67}},"2":{"start":{"line":8,"column":16},"end":{"line":8,"column":98}},"3":{"start":{"line":8,"column":30},"end":{"line":8,"column":98}},"4":{"start":{"line":9,"column":20},"end":{"line":9,"column":71}},"5":{"start":{"line":9,"column":34},"end":{"line":9,"column":71}},"6":{"start":{"line":11,"column":16},"end":{"line":18,"column":1}},"7":{"start":{"line":12,"column":22},"end":{"line":12,"column":53}},"8":{"start":{"line":13,"column":22},"end":{"line":13,"column":53}},"9":{"start":{"line":15,"column":15},"end":{"line":15,"column":48}},"10":{"start":{"line":17,"column":2},"end":{"line":17,"column":34}}},"fnMap":{"0":{"name":"(anonymous_0)","decl":{"start":{"line":7,"column":22},"end":{"line":7,"column":23}},"loc":{"start":{"line":7,"column":36},"end":{"line":7,"column":67}},"line":7},"1":{"name":"(anonymous_1)","decl":{"start":{"line":8,"column":16},"end":{"line":8,"column":17}},"loc":{"start":{"line":8,"column":30},"end":{"line":8,"column":98}},"line":8},"2":{"name":"(anonymous_2)","decl":{"start":{"line":9,"column":20},"end":{"line":9,"column":21}},"loc":{"start":{"line":9,"column":34},"end":{"line":9,"column":71}},"line":9},"3":{"name":"(anonymous_3)","decl":{"start":{"line":11,"column":16},"end":{"line":11,"column":17}},"loc":{"start":{"line":11,"column":54},"end":{"line":18,"column":1}},"line":11}},"branchMap":{},"s":{"0":1,"1":8,"2":1,"3":8,"4":1,"5":8,"6":1,"7":4,"8":4,"9":4,"10":4},"f":{"0":8,"1":8,"2":8,"3":4},"b":{},"inputSourceMap":null,"_coverageSchema":"1a1c01bbd47fc00a2c39e90264f33305004495a9","hash":"c85ae501e4a13eaedbda1625b7ae2f178f5991cb"}
,"/home/andry/1-projects/18-difference-calculator/project/frontend-project-46/src/parse.js": {"path":"/home/andry/1-projects/18-difference-calculator/project/frontend-project-46/src/parse.js","statementMap":{"0":{"start":{"line":3,"column":16},"end":{"line":7,"column":1}},"1":{"start":{"line":9,"column":33},"end":{"line":9,"column":54}}},"fnMap":{"0":{"name":"(anonymous_0)","decl":{"start":{"line":9,"column":15},"end":{"line":9,"column":16}},"loc":{"start":{"line":9,"column":33},"end":{"line":9,"column":54}},"line":9}},"branchMap":{},"s":{"0":1,"1":8},"f":{"0":8},"b":{},"inputSourceMap":null,"_coverageSchema":"1a1c01bbd47fc00a2c39e90264f33305004495a9","hash":"9af46bce9b890d473c88ca776b3ec393298a2e70"}
,"/home/andry/1-projects/18-difference-calculator/project/frontend-project-46/src/formatters/index.js": {"path":"/home/andry/1-projects/18-difference-calculator/project/frontend-project-46/src/formatters/index.js","statementMap":{"0":{"start":{"line":6,"column":2},"end":{"line":13,"column":3}},"1":{"start":{"line":8,"column":6},"end":{"line":8,"column":25}},"2":{"start":{"line":10,"column":6},"end":{"line":10,"column":30}},"3":{"start":{"line":12,"column":6},"end":{"line":12,"column":27}}},"fnMap":{"0":{"name":"(anonymous_0)","decl":{"start":{"line":5,"column":15},"end":{"line":5,"column":16}},"loc":{"start":{"line":5,"column":37},"end":{"line":14,"column":1}},"line":5}},"branchMap":{"0":{"loc":{"start":{"line":6,"column":2},"end":{"line":13,"column":3}},"type":"switch","locations":[{"start":{"line":7,"column":4},"end":{"line":8,"column":25}},{"start":{"line":9,"column":4},"end":{"line":10,"column":30}},{"start":{"line":11,"column":4},"end":{"line":12,"column":27}}],"line":6}},"s":{"0":4,"1":1,"2":0,"3":3},"f":{"0":4},"b":{"0":[1,0,3]},"inputSourceMap":null,"_coverageSchema":"1a1c01bbd47fc00a2c39e90264f33305004495a9","hash":"e6e3765fe1d93f1c3d57a38ce07532e5aae00802"}
,"/home/andry/1-projects/18-difference-calculator/project/frontend-project-46/src/formatters/jsonFormat.js": {"path":"/home/andry/1-projects/18-difference-calculator/project/frontend-project-46/src/formatters/jsonFormat.js","statementMap":{"0":{"start":{"line":1,"column":19},"end":{"line":1,"column":49}},"1":{"start":{"line":1,"column":29},"end":{"line":1,"column":49}}},"fnMap":{"0":{"name":"(anonymous_0)","decl":{"start":{"line":1,"column":19},"end":{"line":1,"column":20}},"loc":{"start":{"line":1,"column":29},"end":{"line":1,"column":49}},"line":1}},"branchMap":{},"s":{"0":1,"1":0},"f":{"0":0},"b":{},"inputSourceMap":null,"_coverageSchema":"1a1c01bbd47fc00a2c39e90264f33305004495a9","hash":"1410f005ccd69e2ee956fe54c08793bf28ef48b6"}
,"/home/andry/1-projects/18-difference-calculator/project/frontend-project-46/src/formatters/plain.js": {"path":"/home/andry/1-projects/18-difference-calculator/project/frontend-project-46/src/formatters/plain.js","statementMap":{"0":{"start":{"line":3,"column":18},"end":{"line":7,"column":1}},"1":{"start":{"line":4,"column":2},"end":{"line":4,"column":49}},"2":{"start":{"line":4,"column":24},"end":{"line":4,"column":49}},"3":{"start":{"line":5,"column":2},"end":{"line":5,"column":51}},"4":{"start":{"line":5,"column":32},"end":{"line":5,"column":51}},"5":{"start":{"line":6,"column":2},"end":{"line":6,"column":22}},"6":{"start":{"line":9,"column":14},"end":{"line":22,"column":1}},"7":{"start":{"line":10,"column":17},"end":{"line":18,"column":8}},"8":{"start":{"line":11,"column":17},"end":{"line":11,"column":65}},"9":{"start":{"line":12,"column":4},"end":{"line":12,"column":121}},"10":{"start":{"line":12,"column":33},"end":{"line":12,"column":121}},"11":{"start":{"line":13,"column":4},"end":{"line":13,"column":85}},"12":{"start":{"line":13,"column":35},"end":{"line":13,"column":85}},"13":{"start":{"line":14,"column":4},"end":{"line":14,"column":150}},"14":{"start":{"line":14,"column":35},"end":{"line":14,"column":150}},"15":{"start":{"line":15,"column":4},"end":{"line":15,"column":48}},"16":{"start":{"line":15,"column":37},"end":{"line":15,"column":48}},"17":{"start":{"line":17,"column":4},"end":{"line":17,"column":58}},"18":{"start":{"line":20,"column":23},"end":{"line":20,"column":40}},"19":{"start":{"line":21,"column":2},"end":{"line":21,"column":22}}},"fnMap":{"0":{"name":"(anonymous_0)","decl":{"start":{"line":3,"column":18},"end":{"line":3,"column":19}},"loc":{"start":{"line":3,"column":28},"end":{"line":7,"column":1}},"line":3},"1":{"name":"(anonymous_1)","decl":{"start":{"line":9,"column":14},"end":{"line":9,"column":15}},"loc":{"start":{"line":9,"column":30},"end":{"line":22,"column":1}},"line":9},"2":{"name":"(anonymous_2)","decl":{"start":{"line":10,"column":29},"end":{"line":10,"column":30}},"loc":{"start":{"line":10,"column":44},"end":{"line":18,"column":3}},"line":10}},"branchMap":{"0":{"loc":{"start":{"line":4,"column":2},"end":{"line":4,"column":49}},"type":"if","locations":[{"start":{"line":4,"column":2},"end":{"line":4,"column":49}},{"start":{},"end":{}}],"line":4},"1":{"loc":{"start":{"line":5,"column":2},"end":{"line":5,"column":51}},"type":"if","locations":[{"start":{"line":5,"column":2},"end":{"line":5,"column":51}},{"start":{},"end":{}}],"line":5},"2":{"loc":{"start":{"line":11,"column":17},"end":{"line":11,"column":65}},"type":"cond-expr","locations":[{"start":{"line":11,"column":26},"end":{"line":11,"column":48}},{"start":{"line":11,"column":51},"end":{"line":11,"column":65}}],"line":11},"3":{"loc":{"start":{"line":12,"column":4},"end":{"line":12,"column":121}},"type":"if","locations":[{"start":{"line":12,"column":4},"end":{"line":12,"column":121}},{"start":{},"end":{}}],"line":12},"4":{"loc":{"start":{"line":13,"column":4},"end":{"line":13,"column":85}},"type":"if","locations":[{"start":{"line":13,"column":4},"end":{"line":13,"column":85}},{"start":{},"end":{}}],"line":13},"5":{"loc":{"start":{"line":14,"column":4},"end":{"line":14,"column":150}},"type":"if","locations":[{"start":{"line":14,"column":4},"end":{"line":14,"column":150}},{"start":{},"end":{}}],"line":14},"6":{"loc":{"start":{"line":15,"column":4},"end":{"line":15,"column":48}},"type":"if","locations":[{"start":{"line":15,"column":4},"end":{"line":15,"column":48}},{"start":{},"end":{}}],"line":15}},"s":{"0":1,"1":13,"2":3,"3":10,"4":7,"5":3,"6":1,"7":5,"8":18,"9":18,"10":5,"11":13,"12":2,"13":11,"14":4,"15":7,"16":3,"17":4,"18":5,"19":5},"f":{"0":13,"1":5,"2":18},"b":{"0":[3,10],"1":[7,3],"2":[14,4],"3":[5,13],"4":[2,11],"5":[4,7],"6":[3,4]},"inputSourceMap":null,"_coverageSchema":"1a1c01bbd47fc00a2c39e90264f33305004495a9","hash":"6eb340febaa35417be0a6e44711e99c6fd5d3448"}
,"/home/andry/1-projects/18-difference-calculator/project/frontend-project-46/src/formatters/stylish.js": {"path":"/home/andry/1-projects/18-difference-calculator/project/frontend-project-46/src/formatters/stylish.js","statementMap":{"0":{"start":{"line":3,"column":18},"end":{"line":3,"column":91}},"1":{"start":{"line":3,"column":51},"end":{"line":3,"column":91}},"2":{"start":{"line":5,"column":19},"end":{"line":21,"column":1}},"3":{"start":{"line":6,"column":2},"end":{"line":6,"column":74}},"4":{"start":{"line":6,"column":52},"end":{"line":6,"column":74}},"5":{"start":{"line":8,"column":20},"end":{"line":18,"column":3}},"6":{"start":{"line":9,"column":24},"end":{"line":9,"column":43}},"7":{"start":{"line":10,"column":24},"end":{"line":10,"column":43}},"8":{"start":{"line":12,"column":19},"end":{"line":15,"column":11}},"9":{"start":{"line":13,"column":29},"end":{"line":13,"column":112}},"10":{"start":{"line":14,"column":6},"end":{"line":14,"column":65}},"11":{"start":{"line":17,"column":4},"end":{"line":17,"column":40}},"12":{"start":{"line":20,"column":2},"end":{"line":20,"column":40}},"13":{"start":{"line":23,"column":16},"end":{"line":44,"column":1}},"14":{"start":{"line":24,"column":29},"end":{"line":41,"column":3}},"15":{"start":{"line":25,"column":24},"end":{"line":25,"column":40}},"16":{"start":{"line":26,"column":24},"end":{"line":26,"column":44}},"17":{"start":{"line":27,"column":19},"end":{"line":27,"column":22}},"18":{"start":{"line":29,"column":17},"end":{"line":38,"column":10}},"19":{"start":{"line":32,"column":6},"end":{"line":32,"column":103}},"20":{"start":{"line":32,"column":30},"end":{"line":32,"column":103}},"21":{"start":{"line":33,"column":6},"end":{"line":33,"column":105}},"22":{"start":{"line":33,"column":32},"end":{"line":33,"column":105}},"23":{"start":{"line":34,"column":6},"end":{"line":34,"column":107}},"24":{"start":{"line":34,"column":34},"end":{"line":34,"column":107}},"25":{"start":{"line":35,"column":6},"end":{"line":35,"column":162}},"26":{"start":{"line":35,"column":32},"end":{"line":35,"column":162}},"27":{"start":{"line":37,"column":6},"end":{"line":37,"column":91}},"28":{"start":{"line":40,"column":4},"end":{"line":40,"column":47}},"29":{"start":{"line":43,"column":2},"end":{"line":43,"column":37}}},"fnMap":{"0":{"name":"(anonymous_0)","decl":{"start":{"line":3,"column":18},"end":{"line":3,"column":19}},"loc":{"start":{"line":3,"column":51},"end":{"line":3,"column":91}},"line":3},"1":{"name":"(anonymous_1)","decl":{"start":{"line":5,"column":19},"end":{"line":5,"column":20}},"loc":{"start":{"line":5,"column":44},"end":{"line":21,"column":1}},"line":5},"2":{"name":"(anonymous_2)","decl":{"start":{"line":8,"column":20},"end":{"line":8,"column":21}},"loc":{"start":{"line":8,"column":37},"end":{"line":18,"column":3}},"line":8},"3":{"name":"(anonymous_3)","decl":{"start":{"line":12,"column":47},"end":{"line":12,"column":48}},"loc":{"start":{"line":12,"column":70},"end":{"line":15,"column":5}},"line":12},"4":{"name":"(anonymous_4)","decl":{"start":{"line":23,"column":16},"end":{"line":23,"column":17}},"loc":{"start":{"line":23,"column":26},"end":{"line":44,"column":1}},"line":23},"5":{"name":"(anonymous_5)","decl":{"start":{"line":24,"column":29},"end":{"line":24,"column":30}},"loc":{"start":{"line":24,"column":46},"end":{"line":41,"column":3}},"line":24},"6":{"name":"(anonymous_6)","decl":{"start":{"line":29,"column":29},"end":{"line":29,"column":30}},"loc":{"start":{"line":31,"column":10},"end":{"line":38,"column":5}},"line":31}},"branchMap":{"0":{"loc":{"start":{"line":3,"column":26},"end":{"line":3,"column":46}},"type":"default-arg","locations":[{"start":{"line":3,"column":45},"end":{"line":3,"column":46}}],"line":3},"1":{"loc":{"start":{"line":6,"column":2},"end":{"line":6,"column":74}},"type":"if","locations":[{"start":{"line":6,"column":2},"end":{"line":6,"column":74}},{"start":{},"end":{}}],"line":6},"2":{"loc":{"start":{"line":6,"column":6},"end":{"line":6,"column":50}},"type":"binary-expr","locations":[{"start":{"line":6,"column":6},"end":{"line":6,"column":28}},{"start":{"line":6,"column":32},"end":{"line":6,"column":50}}],"line":6},"3":{"loc":{"start":{"line":13,"column":29},"end":{"line":13,"column":112}},"type":"cond-expr","locations":[{"start":{"line":13,"column":77},"end":{"line":13,"column":104}},{"start":{"line":13,"column":107},"end":{"line":13,"column":112}}],"line":13},"4":{"loc":{"start":{"line":13,"column":30},"end":{"line":13,"column":73}},"type":"binary-expr","locations":[{"start":{"line":13,"column":30},"end":{"line":13,"column":55}},{"start":{"line":13,"column":59},"end":{"line":13,"column":73}}],"line":13},"5":{"loc":{"start":{"line":32,"column":6},"end":{"line":32,"column":103}},"type":"if","locations":[{"start":{"line":32,"column":6},"end":{"line":32,"column":103}},{"start":{},"end":{}}],"line":32},"6":{"loc":{"start":{"line":33,"column":6},"end":{"line":33,"column":105}},"type":"if","locations":[{"start":{"line":33,"column":6},"end":{"line":33,"column":105}},{"start":{},"end":{}}],"line":33},"7":{"loc":{"start":{"line":34,"column":6},"end":{"line":34,"column":107}},"type":"if","locations":[{"start":{"line":34,"column":6},"end":{"line":34,"column":107}},{"start":{},"end":{}}],"line":34},"8":{"loc":{"start":{"line":35,"column":6},"end":{"line":35,"column":162}},"type":"if","locations":[{"start":{"line":35,"column":6},"end":{"line":35,"column":162}},{"start":{},"end":{}}],"line":35}},"s":{"0":1,"1":72,"2":1,"3":54,"4":42,"5":12,"6":21,"7":21,"8":21,"9":27,"10":27,"11":21,"12":12,"13":1,"14":3,"15":15,"16":15,"17":15,"18":15,"19":54,"20":15,"21":39,"22":6,"23":33,"24":9,"25":24,"26":12,"27":12,"28":15,"29":3},"f":{"0":72,"1":54,"2":21,"3":27,"4":3,"5":15,"6":54},"b":{"0":[15],"1":[42,12],"2":[54,12],"3":[9,18],"4":[27,9],"5":[15,39],"6":[6,33],"7":[9,24],"8":[12,12]},"inputSourceMap":null,"_coverageSchema":"1a1c01bbd47fc00a2c39e90264f33305004495a9","hash":"b28ef47a69d00caaa1e37a797e8801ce9c056213"}
}
