TN:
SF:src/getDiff.js
FN:3,(anonymous_0)
FN:6,(anonymous_1)
FN:20,(anonymous_2)
FNF:3
FNH:3
FNDA:20,(anonymous_0)
FNDA:72,(anonymous_1)
FNDA:72,(anonymous_2)
DA:3,1
DA:4,20
DA:6,20
DA:7,72
DA:8,52
DA:10,44
DA:11,28
DA:13,16
DA:16,16
DA:17,16
DA:20,20
DA:21,72
DA:22,72
DA:23,72
DA:26,20
LF:15
LH:15
BRDA:7,0,0,20
BRDA:7,0,1,52
BRDA:8,1,0,8
BRDA:8,1,1,44
BRDA:10,2,0,28
BRDA:10,2,1,16
BRDA:10,3,0,44
BRDA:10,3,1,20
BRDA:11,4,0,12
BRDA:11,4,1,16
BRF:10
BRH:10
end_of_record
TN:
SF:src/index.js
FN:7,(anonymous_0)
FN:8,(anonymous_1)
FN:9,(anonymous_2)
FN:11,(anonymous_3)
FNF:4
FNH:4
FNDA:8,(anonymous_0)
FNDA:8,(anonymous_1)
FNDA:8,(anonymous_2)
FNDA:4,(anonymous_3)
DA:7,8
DA:8,8
DA:9,8
DA:11,1
DA:12,4
DA:13,4
DA:15,4
DA:17,4
LF:8
LH:8
BRF:0
BRH:0
end_of_record
TN:
SF:src/parse.js
FN:9,(anonymous_0)
FNF:1
FNH:1
FNDA:8,(anonymous_0)
DA:3,1
DA:9,8
LF:2
LH:2
BRF:0
BRH:0
end_of_record
TN:
SF:src/formatters/index.js
FN:5,(anonymous_0)
FNF:1
FNH:1
FNDA:4,(anonymous_0)
DA:6,4
DA:8,1
DA:10,0
DA:12,3
LF:4
LH:3
BRDA:6,0,0,1
BRDA:6,0,1,0
BRDA:6,0,2,3
BRF:3
BRH:2
end_of_record
TN:
SF:src/formatters/jsonFormat.js
FN:1,(anonymous_0)
FNF:1
FNH:0
FNDA:0,(anonymous_0)
DA:1,1
LF:1
LH:1
BRF:0
BRH:0
end_of_record
TN:
SF:src/formatters/plain.js
FN:3,(anonymous_0)
FN:9,(anonymous_1)
FN:10,(anonymous_2)
FNF:3
FNH:3
FNDA:13,(anonymous_0)
FNDA:5,(anonymous_1)
FNDA:18,(anonymous_2)
DA:3,1
DA:4,13
DA:5,10
DA:6,3
DA:9,1
DA:10,5
DA:11,18
DA:12,18
DA:13,13
DA:14,11
DA:15,7
DA:17,4
DA:20,5
DA:21,5
LF:14
LH:14
BRDA:4,0,0,3
BRDA:4,0,1,10
BRDA:5,1,0,7
BRDA:5,1,1,3
BRDA:11,2,0,14
BRDA:11,2,1,4
BRDA:12,3,0,5
BRDA:12,3,1,13
BRDA:13,4,0,2
BRDA:13,4,1,11
BRDA:14,5,0,4
BRDA:14,5,1,7
BRDA:15,6,0,3
BRDA:15,6,1,4
BRF:14
BRH:14
end_of_record
TN:
SF:src/formatters/stylish.js
FN:3,(anonymous_0)
FN:5,(anonymous_1)
FN:8,(anonymous_2)
FN:12,(anonymous_3)
FN:23,(anonymous_4)
FN:24,(anonymous_5)
FN:29,(anonymous_6)
FNF:7
FNH:7
FNDA:72,(anonymous_0)
FNDA:54,(anonymous_1)
FNDA:21,(anonymous_2)
FNDA:27,(anonymous_3)
FNDA:3,(anonymous_4)
FNDA:15,(anonymous_5)
FNDA:54,(anonymous_6)
DA:3,72
DA:5,1
DA:6,54
DA:8,12
DA:9,21
DA:10,21
DA:12,21
DA:13,27
DA:14,27
DA:17,21
DA:20,12
DA:23,1
DA:24,3
DA:25,15
DA:26,15
DA:27,15
DA:29,15
DA:32,54
DA:33,39
DA:34,33
DA:35,24
DA:37,12
DA:40,15
DA:43,3
LF:24
LH:24
BRDA:3,0,0,15
BRDA:6,1,0,42
BRDA:6,1,1,12
BRDA:6,2,0,54
BRDA:6,2,1,12
BRDA:13,3,0,9
BRDA:13,3,1,18
BRDA:13,4,0,27
BRDA:13,4,1,9
BRDA:32,5,0,15
BRDA:32,5,1,39
BRDA:33,6,0,6
BRDA:33,6,1,33
BRDA:34,7,0,9
BRDA:34,7,1,24
BRDA:35,8,0,12
BRDA:35,8,1,12
BRF:17
BRH:17
end_of_record
